<?xml version="1.0" encoding="UTF-8" ?>
<testsuite failures="0" time="1.485" errors="0" skipped="0" tests="1" name="com.gc.gb.UnitLevelTest">
  <properties>
    <property name="java.vendor" value="Sun Microsystems Inc."/>
    <property name="env.SYSTEMROOT" value="C:\WINDOWS"/>
    <property name="localRepository" value="D:\devel\maven\repository"/>
    <property name="sun.java.launcher" value="SUN_STANDARD"/>
    <property name="sun.management.compiler" value="HotSpot Client Compiler"/>
    <property name="env.PROMPT" value="$P$G"/>
    <property name="os.name" value="Windows XP"/>
    <property name="env.FP_NO_HOST_CHECK" value="NO"/>
    <property name="sun.boot.class.path" value="c:\Program Files\Java\jdk1.6.0_12\jre\lib\resources.jar;c:\Program Files\Java\jdk1.6.0_12\jre\lib\rt.jar;c:\Program Files\Java\jdk1.6.0_12\jre\lib\sunrsasign.jar;c:\Program Files\Java\jdk1.6.0_12\jre\lib\jsse.jar;c:\Program Files\Java\jdk1.6.0_12\jre\lib\jce.jar;c:\Program Files\Java\jdk1.6.0_12\jre\lib\charsets.jar;c:\Program Files\Java\jdk1.6.0_12\jre\classes"/>
    <property name="env.COMPUTERNAME" value="RSQUARED-ATOM"/>
    <property name="env.PWD" value="/cygdrive/d/rtemp/demo/example-app"/>
    <property name="env.MAKE_MODE" value="unix"/>
    <property name="env.ALLUSERSPROFILE" value="C:\Documents and Settings\All Users"/>
    <property name="sun.desktop" value="windows"/>
    <property name="java.vm.specification.vendor" value="Sun Microsystems Inc."/>
    <property name="java.runtime.version" value="1.6.0_12-b04"/>
    <property name="env.HOMEPATH" value="\Documents and Settings\ryan"/>
    <property name="user.name" value="ryan"/>
    <property name="env.USER" value="ryan"/>
    <property name="env.PATH" value="D:\cygwin\home\ryan\bin;D:\cygwin\usr\local\bin;D:\cygwin\bin;D:\cygwin\bin;D:\cygwin\usr\X11R6\bin;c:\WINDOWS\system32;c:\WINDOWS;c:\WINDOWS\System32\Wbem;c:\Program Files\Common Files\Ulead Systems\MPEG;c:\Program Files\Groovy\Groovy-1.6.0\bin;c:\Program Files\calibre;c:\Program Files\TortoiseSVN\bin;c:\bin\apache-maven-2.0.9\bin;c:\Program Files\Java\jdk1.6.0_12\bin;d:\apps\spring-roo-1.0.0.M2\bin"/>
    <property name="user.language" value="en"/>
    <property name="env.WINDIR" value="C:\WINDOWS"/>
    <property name="sun.boot.library.path" value="c:\Program Files\Java\jdk1.6.0_12\jre\bin"/>
    <property name="classworlds.conf" value="c:\bin\apache-maven-2.0.9/bin/m2.conf"/>
    <property name="java.version" value="1.6.0_12"/>
    <property name="env.PROCESSOR_IDENTIFIER" value="x86 Family 6 Model 28 Stepping 2, GenuineIntel"/>
    <property name="user.timezone" value="Pacific/Auckland"/>
    <property name="env.CLIENTNAME" value="Console"/>
    <property name="env.TEMP" value="c:\DOCUME~1\ryan\LOCALS~1\Temp"/>
    <property name="sun.arch.data.model" value="32"/>
    <property name="java.endorsed.dirs" value="c:\Program Files\Java\jdk1.6.0_12\jre\lib\endorsed"/>
    <property name="sun.cpu.isalist" value="pentium_pro+mmx pentium_pro pentium+mmx pentium i486 i386 i86"/>
    <property name="env.HOMEDRIVE" value="C:"/>
    <property name="sun.jnu.encoding" value="Cp1252"/>
    <property name="file.encoding.pkg" value="sun.io"/>
    <property name="env.SHLVL" value="1"/>
    <property name="env.SYSTEMDRIVE" value="C:"/>
    <property name="env.HOSTNAME" value="rsquared-atom"/>
    <property name="file.separator" value="\"/>
    <property name="java.specification.name" value="Java Platform API Specification"/>
    <property name="env.GROOVY_HOME" value="C:\Program Files\Groovy\Groovy-1.6.0"/>
    <property name="java.class.version" value="50.0"/>
    <property name="user.country" value="US"/>
    <property name="env.PRINTER" value="Microsoft XPS Document Writer"/>
    <property name="java.home" value="c:\Program Files\Java\jdk1.6.0_12\jre"/>
    <property name="env.APPDATA" value="C:\Documents and Settings\ryan\Application Data"/>
    <property name="java.vm.info" value="mixed mode"/>
    <property name="env.OS" value="Windows_NT"/>
    <property name="os.version" value="5.1"/>
    <property name="path.separator" value=";"/>
    <property name="java.vm.version" value="11.2-b01"/>
    <property name="env.USERPROFILE" value="C:\Documents and Settings\ryan"/>
    <property name="user.variant" value=""/>
    <property name="env.JAVA_HOME" value="c:\Program Files\Java\jdk1.6.0_12"/>
    <property name="java.awt.printerjob" value="sun.awt.windows.WPrinterJob"/>
    <property name="env.TERM" value="xterm"/>
    <property name="env.TMP" value="c:\DOCUME~1\ryan\LOCALS~1\Temp"/>
    <property name="env.PROGRAMFILES" value="C:\Program Files"/>
    <property name="sun.io.unicode.encoding" value="UnicodeLittle"/>
    <property name="awt.toolkit" value="sun.awt.windows.WToolkit"/>
    <property name="env.MANPATH" value="/usr/local/man:/usr/share/man:/usr/man::/usr/ssl/man"/>
    <property name="user.home" value="C:\Documents and Settings\ryan"/>
    <property name="env.COMMONPROGRAMFILES" value="C:\Program Files\Common Files"/>
    <property name="env.SESSIONNAME" value="Console"/>
    <property name="java.specification.vendor" value="Sun Microsystems Inc."/>
    <property name="env.CLASSPATH" value=".:.:/cygdrive/c/PROGRA~1/JMF21~1.1E/lib/sound.jar:/cygdrive/c/PROGRA~1/JMF21~1.1E/lib/jmf.jar:/cygdrive/c/PROGRA~1/JMF21~1.1E/lib"/>
    <property name="env.M2_HOME" value="c:\bin\apache-maven-2.0.9"/>
    <property name="env.NUMBER_OF_PROCESSORS" value="2"/>
    <property name="java.library.path" value="c:\Program Files\Java\jdk1.6.0_12\bin;.;C:\WINDOWS\Sun\Java\bin;C:\WINDOWS\system32;C:\WINDOWS;D:\cygwin\home\ryan\bin;D:\cygwin\usr\local\bin;D:\cygwin\bin;D:\cygwin\bin;D:\cygwin\usr\X11R6\bin;c:\WINDOWS\system32;c:\WINDOWS;c:\WINDOWS\System32\Wbem;c:\Program Files\Common Files\Ulead Systems\MPEG;c:\Program Files\Groovy\Groovy-1.6.0\bin;c:\Program Files\calibre;c:\Program Files\TortoiseSVN\bin;c:\bin\apache-maven-2.0.9\bin;c:\Program Files\Java\jdk1.6.0_12\bin;d:\apps\spring-roo-1.0.0.M2\bin"/>
    <property name="java.vendor.url" value="http://java.sun.com/"/>
    <property name="java.vm.vendor" value="Sun Microsystems Inc."/>
    <property name="java.runtime.name" value="Java(TM) SE Runtime Environment"/>
    <property name="maven.home" value="c:\bin\apache-maven-2.0.9"/>
    <property name="java.class.path" value="c:\bin\apache-maven-2.0.9/boot/classworlds-1.1.jar"/>
    <property name="env.CVS_RSH" value="/bin/ssh"/>
    <property name="java.vm.specification.name" value="Java Virtual Machine Specification"/>
    <property name="env.LOGONSERVER" value="\\RSQUARED-ATOM"/>
    <property name="java.vm.specification.version" value="1.0"/>
    <property name="env.PROCESSOR_ARCHITECTURE" value="x86"/>
    <property name="sun.os.patch.level" value="Service Pack 3"/>
    <property name="sun.cpu.endian" value="little"/>
    <property name="env.HOME" value="D:\cygwin\home\ryan"/>
    <property name="surefire.test.class.path" value="d:\rtemp\demo\example-app\target\test-classes;d:\rtemp\demo\example-app\target\classes;D:\devel\maven\repository\junit\junit\4.5\junit-4.5.jar;D:\devel\maven\repository\com\gc\gb\example-app-stories\1.0-SNAPSHOT\example-app-stories-1.0-SNAPSHOT.jar;D:\devel\maven\repository\com\googlecode\greenbridge\greenbridge-junit\1.0.1\greenbridge-junit-1.0.1.jar;D:\devel\maven\repository\net\sf\json-lib\json-lib\2.2.3\json-lib-2.2.3.jar;D:\devel\maven\repository\commons-beanutils\commons-beanutils\1.7.0\commons-beanutils-1.7.0.jar;D:\devel\maven\repository\commons-logging\commons-logging\1.1.1\commons-logging-1.1.1.jar;D:\devel\maven\repository\commons-collections\commons-collections\3.2\commons-collections-3.2.jar;D:\devel\maven\repository\commons-lang\commons-lang\2.4\commons-lang-2.4.jar;D:\devel\maven\repository\net\sf\ezmorph\ezmorph\1.0.6\ezmorph-1.0.6.jar;D:\devel\maven\repository\com\thoughtworks\xstream\xstream\1.2.2\xstream-1.2.2.jar;D:\devel\maven\repository\xpp3\xpp3_min\1.1.3.4.O\xpp3_min-1.1.3.4.O.jar;"/>
    <property name="java.io.tmpdir" value="c:\DOCUME~1\ryan\LOCALS~1\Temp\"/>
    <property name="env.PROCESSOR_REVISION" value="1c02"/>
    <property name="java.vendor.url.bug" value="http://java.sun.com/cgi-bin/bugreport.cgi"/>
    <property name="env.COMSPEC" value="C:\WINDOWS\system32\cmd.exe"/>
    <property name="java.awt.graphicsenv" value="sun.awt.Win32GraphicsEnvironment"/>
    <property name="os.arch" value="x86"/>
    <property name="java.ext.dirs" value="c:\Program Files\Java\jdk1.6.0_12\jre\lib\ext;C:\WINDOWS\Sun\Java\lib\ext"/>
    <property name="user.dir" value="d:\rtemp\demo\example-app"/>
    <property name="env.INFOPATH" value="/usr/local/info:/usr/share/info:/usr/info:"/>
    <property name="line.separator" value="
"/>
    <property name="java.vm.name" value="Java HotSpot(TM) Client VM"/>
    <property name="env.PATHEXT" value=".COM;.EXE;.BAT;.CMD;.VBS;.VBE;.JS;.JSE;.WSF;.WSH;.groovy;.gy"/>
    <property name="basedir" value="d:\rtemp\demo\example-app"/>
    <property name="env.USERNAME" value="ryan"/>
    <property name="file.encoding" value="Cp1252"/>
    <property name="env.USERDOMAIN" value="RSQUARED-ATOM"/>
    <property name="java.specification.version" value="1.6"/>
    <property name="env.PROCESSOR_LEVEL" value="6"/>
  </properties>
  <testcase time="0.079" classname="com.gc.gb.UnitLevelTest" name="test1"/>
</testsuite>