<?xml version="1.0" encoding="UTF-8" ?>
<testsuite failures="0" time="1.75" errors="0" skipped="0" tests="1" name="com.gc.gb.AppIT">
  <properties>
    <property name="java.runtime.name" value="Java(TM) SE Runtime Environment"/>
    <property name="sun.boot.library.path" value="c:\Program Files\Java\jdk1.6.0_12\jre\bin"/>
    <property name="java.vm.version" value="11.2-b01"/>
    <property name="java.vm.vendor" value="Sun Microsystems Inc."/>
    <property name="java.vendor.url" value="http://java.sun.com/"/>
    <property name="path.separator" value=";"/>
    <property name="java.vm.name" value="Java HotSpot(TM) Client VM"/>
    <property name="file.encoding.pkg" value="sun.io"/>
    <property name="user.country" value="US"/>
    <property name="sun.java.launcher" value="SUN_STANDARD"/>
    <property name="sun.os.patch.level" value="Service Pack 3"/>
    <property name="java.vm.specification.name" value="Java Virtual Machine Specification"/>
    <property name="user.dir" value="d:\rtemp\demo\example-app"/>
    <property name="java.runtime.version" value="1.6.0_12-b04"/>
    <property name="java.awt.graphicsenv" value="sun.awt.Win32GraphicsEnvironment"/>
    <property name="basedir" value="d:\rtemp\demo\example-app"/>
    <property name="java.endorsed.dirs" value="c:\Program Files\Java\jdk1.6.0_12\jre\lib\endorsed"/>
    <property name="os.arch" value="x86"/>
    <property name="surefire.real.class.path" value="c:\DOCUME~1\ryan\LOCALS~1\Temp\surefirebooter257441921817245627.jar"/>
    <property name="java.io.tmpdir" value="c:\DOCUME~1\ryan\LOCALS~1\Temp\"/>
    <property name="line.separator" value="
"/>
    <property name="java.vm.specification.vendor" value="Sun Microsystems Inc."/>
    <property name="user.variant" value=""/>
    <property name="os.name" value="Windows XP"/>
    <property name="sun.jnu.encoding" value="Cp1252"/>
    <property name="java.library.path" value="c:\Program Files\Java\jdk1.6.0_12\jre\bin;.;C:\WINDOWS\Sun\Java\bin;C:\WINDOWS\system32;C:\WINDOWS;D:\cygwin\home\ryan\bin;D:\cygwin\usr\local\bin;D:\cygwin\bin;D:\cygwin\bin;D:\cygwin\usr\X11R6\bin;c:\WINDOWS\system32;c:\WINDOWS;c:\WINDOWS\System32\Wbem;c:\Program Files\Common Files\Ulead Systems\MPEG;c:\Program Files\Groovy\Groovy-1.6.0\bin;c:\Program Files\calibre;c:\Program Files\TortoiseSVN\bin;c:\bin\apache-maven-2.0.9\bin;c:\Program Files\Java\jdk1.6.0_12\bin;d:\apps\spring-roo-1.0.0.M2\bin"/>
    <property name="surefire.test.class.path" value="d:\rtemp\demo\example-app\target\test-classes;d:\rtemp\demo\example-app\target\classes;D:\devel\maven\repository\junit\junit\4.5\junit-4.5.jar;D:\devel\maven\repository\com\gc\gb\example-app-stories\1.0-SNAPSHOT\example-app-stories-1.0-SNAPSHOT.jar;D:\devel\maven\repository\com\googlecode\greenbridge\greenbridge-junit\1.0.1\greenbridge-junit-1.0.1.jar;D:\devel\maven\repository\net\sf\json-lib\json-lib\2.2.3\json-lib-2.2.3.jar;D:\devel\maven\repository\commons-beanutils\commons-beanutils\1.7.0\commons-beanutils-1.7.0.jar;D:\devel\maven\repository\commons-logging\commons-logging\1.1.1\commons-logging-1.1.1.jar;D:\devel\maven\repository\commons-collections\commons-collections\3.2\commons-collections-3.2.jar;D:\devel\maven\repository\commons-lang\commons-lang\2.4\commons-lang-2.4.jar;D:\devel\maven\repository\net\sf\ezmorph\ezmorph\1.0.6\ezmorph-1.0.6.jar;D:\devel\maven\repository\com\thoughtworks\xstream\xstream\1.2.2\xstream-1.2.2.jar;D:\devel\maven\repository\xpp3\xpp3_min\1.1.3.4.O\xpp3_min-1.1.3.4.O.jar;"/>
    <property name="java.specification.name" value="Java Platform API Specification"/>
    <property name="java.class.version" value="50.0"/>
    <property name="sun.management.compiler" value="HotSpot Client Compiler"/>
    <property name="os.version" value="5.1"/>
    <property name="user.home" value="C:\Documents and Settings\ryan"/>
    <property name="user.timezone" value=""/>
    <property name="java.awt.printerjob" value="sun.awt.windows.WPrinterJob"/>
    <property name="java.specification.version" value="1.6"/>
    <property name="file.encoding" value="Cp1252"/>
    <property name="user.name" value="ryan"/>
    <property name="java.class.path" value="d:\rtemp\demo\example-app\target\test-classes;d:\rtemp\demo\example-app\target\classes;D:\devel\maven\repository\junit\junit\4.5\junit-4.5.jar;D:\devel\maven\repository\com\gc\gb\example-app-stories\1.0-SNAPSHOT\example-app-stories-1.0-SNAPSHOT.jar;D:\devel\maven\repository\com\googlecode\greenbridge\greenbridge-junit\1.0.1\greenbridge-junit-1.0.1.jar;D:\devel\maven\repository\net\sf\json-lib\json-lib\2.2.3\json-lib-2.2.3.jar;D:\devel\maven\repository\commons-beanutils\commons-beanutils\1.7.0\commons-beanutils-1.7.0.jar;D:\devel\maven\repository\commons-logging\commons-logging\1.1.1\commons-logging-1.1.1.jar;D:\devel\maven\repository\commons-collections\commons-collections\3.2\commons-collections-3.2.jar;D:\devel\maven\repository\commons-lang\commons-lang\2.4\commons-lang-2.4.jar;D:\devel\maven\repository\net\sf\ezmorph\ezmorph\1.0.6\ezmorph-1.0.6.jar;D:\devel\maven\repository\com\thoughtworks\xstream\xstream\1.2.2\xstream-1.2.2.jar;D:\devel\maven\repository\xpp3\xpp3_min\1.1.3.4.O\xpp3_min-1.1.3.4.O.jar;"/>
    <property name="java.vm.specification.version" value="1.0"/>
    <property name="sun.arch.data.model" value="32"/>
    <property name="java.home" value="c:\Program Files\Java\jdk1.6.0_12\jre"/>
    <property name="java.specification.vendor" value="Sun Microsystems Inc."/>
    <property name="user.language" value="en"/>
    <property name="awt.toolkit" value="sun.awt.windows.WToolkit"/>
    <property name="java.vm.info" value="mixed mode"/>
    <property name="java.version" value="1.6.0_12"/>
    <property name="java.ext.dirs" value="c:\Program Files\Java\jdk1.6.0_12\jre\lib\ext;C:\WINDOWS\Sun\Java\lib\ext"/>
    <property name="sun.boot.class.path" value="c:\Program Files\Java\jdk1.6.0_12\jre\lib\resources.jar;c:\Program Files\Java\jdk1.6.0_12\jre\lib\rt.jar;c:\Program Files\Java\jdk1.6.0_12\jre\lib\sunrsasign.jar;c:\Program Files\Java\jdk1.6.0_12\jre\lib\jsse.jar;c:\Program Files\Java\jdk1.6.0_12\jre\lib\jce.jar;c:\Program Files\Java\jdk1.6.0_12\jre\lib\charsets.jar;c:\Program Files\Java\jdk1.6.0_12\jre\classes"/>
    <property name="java.vendor" value="Sun Microsystems Inc."/>
    <property name="localRepository" value="D:\devel\maven\repository"/>
    <property name="file.separator" value="\"/>
    <property name="java.vendor.url.bug" value="http://java.sun.com/cgi-bin/bugreport.cgi"/>
    <property name="sun.cpu.endian" value="little"/>
    <property name="sun.io.unicode.encoding" value="UnicodeLittle"/>
    <property name="sun.desktop" value="windows"/>
    <property name="sun.cpu.isalist" value="pentium_pro+mmx pentium_pro pentium+mmx pentium i486 i386 i86"/>
  </properties>
  <testcase time="0.11" classname="com.gc.gb.AppIT" name="testApp"/>
</testsuite>